Using pre-set license
Built from '2020.3/china_unity/release' branch; Version is '2020.3.34f1c2 (841de61e17c8) revision 8658406'; Using compiler version '192528614'; Build Type 'Release'
OS: 'Windows 10  (10.0.19044) 64bit Core' Language: 'zh' Physical Memory: 16302 MB
BatchMode: 1, IsHumanControllingUs: 0, StartBugReporterOnCrash: 0, Is64bit: 1, IsPro: 0

COMMAND LINE ARGUMENTS:
G:\Software\UnityAllVersions\2020.3.34f1c2\Editor\Unity.exe
-adb2
-batchMode
-noUpm
-name
AssetImportWorker0
-projectPath
G:/Projects/GitHubProjects/AssetBundleFramework/AssetBundleLoadManager2/AssetBundleFramework
-logFile
Logs/AssetImportWorker0.log
-srvPort
63142
Successfully changed project path to: G:/Projects/GitHubProjects/AssetBundleFramework/AssetBundleLoadManager2/AssetBundleFramework
G:/Projects/GitHubProjects/AssetBundleFramework/AssetBundleLoadManager2/AssetBundleFramework
Using Asset Import Pipeline V2.
AS: AutoStreaming module initializing.Refreshing native plugins compatible for Editor in 33.75 ms, found 0 plugins.
Preloading 0 native plugins for Editor in 0.00 ms.
Initialize engine version: 2020.3.34f1c2 (841de61e17c8)
[Subsystems] Discovering subsystems at path G:/Software/UnityAllVersions/2020.3.34f1c2/Editor/Data/Resources/UnitySubsystems
[Subsystems] Discovering subsystems at path G:/Projects/GitHubProjects/AssetBundleFramework/AssetBundleLoadManager2/AssetBundleFramework/Assets
GfxDevice: creating device client; threaded=0
Direct3D:
    Version:  Direct3D 11.0 [level 11.1]
    Renderer: NVIDIA GeForce GTX 1050 Ti (ID=0x1c82)
    Vendor:   
    VRAM:     4018 MB
    Driver:   27.21.14.5671
Initialize mono
Mono path[0] = 'G:/Software/UnityAllVersions/2020.3.34f1c2/Editor/Data/Managed'
Mono path[1] = 'G:/Software/UnityAllVersions/2020.3.34f1c2/Editor/Data/MonoBleedingEdge/lib/mono/unityjit'
Mono config path = 'G:/Software/UnityAllVersions/2020.3.34f1c2/Editor/Data/MonoBleedingEdge/etc'
Using monoOptions --debugger-agent=transport=dt_socket,embedding=1,server=y,suspend=n,address=127.0.0.1:56564
Begin MonoManager ReloadAssembly
Registering precompiled unity dll's ...
Register platform support module: G:/Software/UnityAllVersions/2020.3.34f1c2/Editor/Data/PlaybackEngines/WindowsStandaloneSupport/UnityEditor.WindowsStandalone.Extensions.dll
Registered in 0.001256 seconds.
Native extension for WindowsStandalone target not found
Refreshing native plugins compatible for Editor in 31.23 ms, found 0 plugins.
Preloading 0 native plugins for Editor in 0.00 ms.
Mono: successfully reloaded assembly
- Completed reload, in  0.658 seconds
Domain Reload Profiling:
	ReloadAssembly (658ms)
		BeginReloadAssembly (64ms)
			ExecutionOrderSort (0ms)
			DisableScriptedObjects (0ms)
			BackupInstance (0ms)
			ReleaseScriptingObjects (0ms)
			CreateAndSetChildDomain (1ms)
		EndReloadAssembly (520ms)
			LoadAssemblies (63ms)
			RebuildTransferFunctionScriptingTraits (0ms)
			SetupTypeCache (169ms)
			ReleaseScriptCaches (0ms)
			RebuildScriptCaches (35ms)
			SetupLoadedEditorAssemblies (188ms)
				LogAssemblyErrors (0ms)
				InitializePlatformSupportModulesInManaged (3ms)
				SetLoadedEditorAssemblies (0ms)
				RefreshPlugins (31ms)
				BeforeProcessingInitializeOnLoad (19ms)
				ProcessInitializeOnLoadAttributes (85ms)
				ProcessInitializeOnLoadMethodAttributes (50ms)
				AfterProcessingInitializeOnLoad (0ms)
				EditorAssembliesLoaded (0ms)
			ExecutionOrderSort2 (0ms)
			AwakeInstancesAfterBackupRestoration (0ms)
Platform modules already initialized, skipping
Registering precompiled user dll's ...
Registered in 0.001524 seconds.
Begin MonoManager ReloadAssembly
Native extension for WindowsStandalone target not found
Refreshing native plugins compatible for Editor in 0.25 ms, found 0 plugins.
Preloading 0 native plugins for Editor in 0.00 ms.
Mono: successfully reloaded assembly
- Completed reload, in  0.909 seconds
Domain Reload Profiling:
	ReloadAssembly (910ms)
		BeginReloadAssembly (178ms)
			ExecutionOrderSort (0ms)
			DisableScriptedObjects (5ms)
			BackupInstance (0ms)
			ReleaseScriptingObjects (0ms)
			CreateAndSetChildDomain (37ms)
		EndReloadAssembly (672ms)
			LoadAssemblies (91ms)
			RebuildTransferFunctionScriptingTraits (0ms)
			SetupTypeCache (218ms)
			ReleaseScriptCaches (0ms)
			RebuildScriptCaches (53ms)
			SetupLoadedEditorAssemblies (227ms)
				LogAssemblyErrors (0ms)
				InitializePlatformSupportModulesInManaged (5ms)
				SetLoadedEditorAssemblies (0ms)
				RefreshPlugins (0ms)
				BeforeProcessingInitializeOnLoad (83ms)
				ProcessInitializeOnLoadAttributes (118ms)
				ProcessInitializeOnLoadMethodAttributes (18ms)
				AfterProcessingInitializeOnLoad (3ms)
				EditorAssembliesLoaded (0ms)
			ExecutionOrderSort2 (0ms)
			AwakeInstancesAfterBackupRestoration (2ms)
Platform modules already initialized, skipping
========================================================================
Worker process is ready to serve import requests
Launched and connected shader compiler UnityShaderCompiler.exe after 0.27 seconds
Refreshing native plugins compatible for Editor in 0.26 ms, found 0 plugins.
Preloading 0 native plugins for Editor in 0.00 ms.
Unloading 1451 Unused Serialized files (Serialized files now loaded: 0)
System memory in use before: 208.3 MB.
System memory in use after: 204.6 MB.

Unloading 49 unused Assets to reduce memory usage. Loaded Objects now: 1916.
Total: 3.525400 ms (FindLiveObjects: 0.135800 ms CreateObjectMapping: 0.048300 ms MarkObjects: 2.010900 ms  DeleteObjects: 1.329300 ms)

AssetImportParameters requested are different than current active one (requested -> active):
  custom:framework-win-MediaFoundation: 216162199b28c13a410421893ffa2e32 -> 
  custom:video-decoder-ogg-theora: a1e56fd34408186e4bbccfd4996cb3dc -> 
  custom:container-muxer-webm: aa71ff27fc2769a1b78a27578f13a17b -> 
  custom:container-demuxer-webm: 4f35f7cbe854078d1ac9338744f61a02 -> 
  custom:container-demuxer-ogg: 62fdf1f143b41e24485cea50d1cbac27 -> 
  custom:video-encoder-webm-vp8: eb34c28f22e8b96e1ab97ce403110664 -> 
  custom:video-decoder-webm-vp8: 9c59270c3fd7afecdb556c50c9e8de78 -> 
  custom:audio-decoder-ogg-vorbis: bf7c407c2cedff20999df2af8eb42d56 -> 
  custom:audio-encoder-webm-vorbis: bf7c407c2cedff20999df2af8eb42d56 -> 
========================================================================
Received Import Request.
  path: Assets/Res/atlas/shareatlas/SpriteAtlas/playerpreview
  artifactKey: Guid(a01ff135560330342b49a7c248683f7a) Importer(815301076,1909f56bfc062723c751e8b465ee728b)
Start importing Assets/Res/atlas/shareatlas/SpriteAtlas/playerpreview using Guid(a01ff135560330342b49a7c248683f7a) Importer(815301076,1909f56bfc062723c751e8b465ee728b)  -> (artifact id: 'b8c8be6a17c73ec8a7d42207833a5ce2') in 0.005386 seconds 
========================================================================
Received Import Request.
  Time since last request: 0.010430 seconds.
  path: Assets/Res/atlas/shareatlas
  artifactKey: Guid(877c590354a0028449c384d217b5420d) Importer(815301076,1909f56bfc062723c751e8b465ee728b)
Start importing Assets/Res/atlas/shareatlas using Guid(877c590354a0028449c384d217b5420d) Importer(815301076,1909f56bfc062723c751e8b465ee728b)  -> (artifact id: 'bcb91bdcc6eeebb9031a113d25153249') in 0.002709 seconds 
========================================================================
Received Import Request.
  Time since last request: 0.000159 seconds.
  path: Assets/Res/atlas/shareatlas/SpriteAtlas
  artifactKey: Guid(08888fa1f198a254a96ed887b1e9d0aa) Importer(815301076,1909f56bfc062723c751e8b465ee728b)
Start importing Assets/Res/atlas/shareatlas/SpriteAtlas using Guid(08888fa1f198a254a96ed887b1e9d0aa) Importer(815301076,1909f56bfc062723c751e8b465ee728b)  -> (artifact id: '96fa2fdc2c6478d730bb923254677881') in 0.014497 seconds 
========================================================================
Received Import Request.
  Time since last request: 0.000209 seconds.
  path: Assets/Res/atlas/shareatlas/SpriteAtlas/playerpreview/SDFukushimaPreview.png
  artifactKey: Guid(3d9dfe291d79682458958ea61b42660a) Importer(815301076,1909f56bfc062723c751e8b465ee728b)
Start importing Assets/Res/atlas/shareatlas/SpriteAtlas/playerpreview/SDFukushimaPreview.png using Guid(3d9dfe291d79682458958ea61b42660a) Importer(815301076,1909f56bfc062723c751e8b465ee728b)  -> (artifact id: 'd24c7c74128548defe5cc9a641e8de26') in 0.258894 seconds 
========================================================================
Received Import Request.
  Time since last request: 24.456461 seconds.
  path: Assets/AssetBundleCollectSetting/AssetBundleCollectSetting.asset
  artifactKey: Guid(57c463d07b56a8248af864916a3c4ea0) Importer(815301076,1909f56bfc062723c751e8b465ee728b)
Start importing Assets/AssetBundleCollectSetting/AssetBundleCollectSetting.asset using Guid(57c463d07b56a8248af864916a3c4ea0) Importer(815301076,1909f56bfc062723c751e8b465ee728b)  -> (artifact id: '92ded41d427a662370fd2b06f6e5c696') in 0.024746 seconds 
========================================================================
Received Import Request.
  Time since last request: 18.242874 seconds.
  path: Assets/Res/assetbuildinfo/AssetBuildInfoAndroid.asset
  artifactKey: Guid(451b99210563b104788d44607a887060) Importer(815301076,1909f56bfc062723c751e8b465ee728b)
Start importing Assets/Res/assetbuildinfo/AssetBuildInfoAndroid.asset using Guid(451b99210563b104788d44607a887060) Importer(815301076,1909f56bfc062723c751e8b465ee728b)  -> (artifact id: 'aa42b5105c7466aeaf6edb7378f1879f') in 0.004432 seconds 
