AssetBundleName : diffuse
	ABLoadTimeCount : 1
	ABUnloadTimeCount : 0
	ABFirstLoadTime : 19-29-45
	ABLastUnloadTime : 

AssetBundleName : basictexture
	ABLoadTimeCount : 1
	ABUnloadTimeCount : 0
	ABFirstLoadTime : 19-29-44
	ABLastUnloadTime : 

AssetBundleName : sfxtemplate
	ABLoadTimeCount : 1
	ABUnloadTimeCount : 0
	ABFirstLoadTime : 19-29-45
	ABLastUnloadTime : 

AssetBundleName : sfx1
	ABLoadTimeCount : 1
	ABUnloadTimeCount : 0
	ABFirstLoadTime : 19-29-45
	ABLastUnloadTime : 

AssetBundleName : sharematerial
	ABLoadTimeCount : 1
	ABUnloadTimeCount : 0
	ABFirstLoadTime : 19-29-45
	ABLastUnloadTime : 

AssetBundleName : ambient
	ABLoadTimeCount : 1
	ABUnloadTimeCount : 0
	ABFirstLoadTime : 19-29-44
	ABLastUnloadTime : 

AssetBundleName : loadingscreen
	ABLoadTimeCount : 1
	ABUnloadTimeCount : 0
	ABFirstLoadTime : 19-29-44
	ABLastUnloadTime : 

AssetBundleName : mainwindow
	ABLoadTimeCount : 1
	ABUnloadTimeCount : 0
	ABFirstLoadTime : 19-29-44
	ABLastUnloadTime : 

AssetBundleName : pre_zombunny
	ABLoadTimeCount : 1
	ABUnloadTimeCount : 0
	ABFirstLoadTime : 19-29-44
	ABLastUnloadTime : 

AssetBundleName : tutorialcellspritesheet
	ABLoadTimeCount : 1
	ABUnloadTimeCount : 0
	ABFirstLoadTime : 19-29-44
	ABLastUnloadTime : 

AssetBundleName : zombunnyanimations
	ABLoadTimeCount : 1
	ABUnloadTimeCount : 0
	ABFirstLoadTime : 19-29-44
	ABLastUnloadTime : 

